


ARM Macro Assembler    Page 1 


    1 00000000         ; generated by Component: ARM Compiler 5.05 update 1 (bu
                       ild 106) Tool: ArmCC [4d0efa]
    2 00000000         ; commandline ArmCC [--c99 --debug -c -S -o..\obj\dcmi.s
                        --depend=..\obj\dcmi.d --cpu=Cortex-M4.fp --apcs=interw
                       ork -O0 --diag_suppress=9931 -I..\CORE -I..\SYSTEM\delay
                        -I..\SYSTEM\sys -I..\SYSTEM\usart -I..\USER -I..\HARDWA
                       RE\DCMI -I..\HARDWARE\OV2640 -I..\HARDWARE\TIMER -I..\HA
                       RDWARE\USART2 -I..\FWLIB\inc -I..\HARDWARE\LED -I..\HARD
                       WARE\LCD -IE:\work\sizhou\Ywt\subcontrol\USER\RTE -IE:\T
                       ool\MDK\ARM\PACK\Keil\STM32F4xx_DFP\2.11.0\Drivers\CMSIS
                       \Device\ST\STM32F4xx\Include -IE:\Tool\MDK\ARM\CMSIS\Inc
                       lude -IE:\Tool\MDK\ARM\PACK\Keil\STM32F4xx_DFP\2.11.0\De
                       vice\Include -D__UVISION_VERSION=514 -DSTM32F407xx -DSTM
                       32F40_41xxx -DUSE_STDPERIPH_DRIVER --omf_browse=..\obj\d
                       cmi.crf ..\HARDWARE\DCMI\dcmi.c]
    3 00000000                 THUMB
    4 00000000                 REQUIRE8
    5 00000000                 PRESERVE8
    6 00000000         
    7 00000000                 AREA             ||.text||, CODE, READONLY, ALIG
N=2
    8 00000000         
    9 00000000         DCMI_IRQHandler
                               PROC
   10 00000000 B510            PUSH             {r4,lr}
   11 00000002 2001            MOVS             r0,#1
   12 00000004 F7FF FFFE       BL               DCMI_GetITStatus
   13 00000008 2801            CMP              r0,#1
   14 0000000A D111            BNE              |L0.48|
   15 0000000C F7FF FFFE       BL               jpeg_data_process
   16 00000010 2001            MOVS             r0,#1
   17 00000012 F7FF FFFE       BL               DCMI_ClearITPendingBit
   18 00000016 4897            LDR              r0,|L0.628|
   19 00000018 6800            LDR              r0,[r0,#0]
   20 0000001A B908            CBNZ             r0,|L0.32|
   21 0000001C 2001            MOVS             r0,#1
   22 0000001E E000            B                |L0.34|
   23 00000020         |L0.32|
   24 00000020 2000            MOVS             r0,#0
   25 00000022         |L0.34|
   26 00000022 4994            LDR              r1,|L0.628|
   27 00000024 6008            STR              r0,[r1,#0]
   28 00000026 4894            LDR              r0,|L0.632|
   29 00000028 7800            LDRB             r0,[r0,#0]  ; ov_frame
   30 0000002A 1C40            ADDS             r0,r0,#1
   31 0000002C 4992            LDR              r1,|L0.632|
   32 0000002E 7008            STRB             r0,[r1,#0]
   33 00000030         |L0.48|
   34 00000030 BD10            POP              {r4,pc}
   35 00000032                 ENDP
   36 00000032         
   37 00000032         DCMI_DMA_Init
                               PROC
   38 00000032 B5F0            PUSH             {r4-r7,lr}
   39 00000034 B08F            SUB              sp,sp,#0x3c
   40 00000036 4604            MOV              r4,r0
   41 00000038 460D            MOV              r5,r1
   42 0000003A 4616            MOV              r6,r2
   43 0000003C 461F            MOV              r7,r3



ARM Macro Assembler    Page 2 


   44 0000003E 2101            MOVS             r1,#1
   45 00000040 0588            LSLS             r0,r1,#22
   46 00000042 F7FF FFFE       BL               RCC_AHB1PeriphClockCmd
   47 00000046 488D            LDR              r0,|L0.636|
   48 00000048 F7FF FFFE       BL               DMA_DeInit
   49 0000004C BF00            NOP
   50 0000004E         |L0.78|
   51 0000004E 488B            LDR              r0,|L0.636|
   52 00000050 F7FF FFFE       BL               DMA_GetCmdStatus
   53 00000054 2800            CMP              r0,#0
   54 00000056 D1FA            BNE              |L0.78|
   55 00000058 F04F 7000       MOV              r0,#0x2000000
   56 0000005C 9000            STR              r0,[sp,#0]
   57 0000005E 4888            LDR              r0,|L0.640|
   58 00000060 9001            STR              r0,[sp,#4]
   59 00000062 9402            STR              r4,[sp,#8]
   60 00000064 2000            MOVS             r0,#0
   61 00000066 9003            STR              r0,[sp,#0xc]
   62 00000068 9504            STR              r5,[sp,#0x10]
   63 0000006A 9005            STR              r0,[sp,#0x14]
   64 0000006C 9706            STR              r7,[sp,#0x18]
   65 0000006E F44F 5080       MOV              r0,#0x1000
   66 00000072 9007            STR              r0,[sp,#0x1c]
   67 00000074 9608            STR              r6,[sp,#0x20]
   68 00000076 1100            ASRS             r0,r0,#4
   69 00000078 9009            STR              r0,[sp,#0x24]
   70 0000007A 0240            LSLS             r0,r0,#9
   71 0000007C 900A            STR              r0,[sp,#0x28]
   72 0000007E 2004            MOVS             r0,#4
   73 00000080 900B            STR              r0,[sp,#0x2c]
   74 00000082 2003            MOVS             r0,#3
   75 00000084 900C            STR              r0,[sp,#0x30]
   76 00000086 2000            MOVS             r0,#0
   77 00000088 900D            STR              r0,[sp,#0x34]
   78 0000008A 900E            STR              r0,[sp,#0x38]
   79 0000008C 4669            MOV              r1,sp
   80 0000008E 487B            LDR              r0,|L0.636|
   81 00000090 F7FF FFFE       BL               DMA_Init
   82 00000094 B00F            ADD              sp,sp,#0x3c
   83 00000096 BDF0            POP              {r4-r7,pc}
   84 00000098                 ENDP
   85 00000098         
   86 00000098         My_DCMI_Init
                               PROC
   87 00000098 B50E            PUSH             {r1-r3,lr}
   88 0000009A 2101            MOVS             r1,#1
   89 0000009C 2017            MOVS             r0,#0x17
   90 0000009E F7FF FFFE       BL               RCC_AHB1PeriphClockCmd
   91 000000A2 2101            MOVS             r1,#1
   92 000000A4 4608            MOV              r0,r1
   93 000000A6 F7FF FFFE       BL               RCC_AHB2PeriphClockCmd
   94 000000AA 2050            MOVS             r0,#0x50
   95 000000AC 9001            STR              r0,[sp,#4]
   96 000000AE 2002            MOVS             r0,#2
   97 000000B0 F88D 0008       STRB             r0,[sp,#8]
   98 000000B4 2000            MOVS             r0,#0
   99 000000B6 F88D 000A       STRB             r0,[sp,#0xa]
  100 000000BA 2003            MOVS             r0,#3
  101 000000BC F88D 0009       STRB             r0,[sp,#9]



ARM Macro Assembler    Page 3 


  102 000000C0 2001            MOVS             r0,#1
  103 000000C2 F88D 000B       STRB             r0,[sp,#0xb]
  104 000000C6 A901            ADD              r1,sp,#4
  105 000000C8 486E            LDR              r0,|L0.644|
  106 000000CA F7FF FFFE       BL               GPIO_Init
  107 000000CE 20C0            MOVS             r0,#0xc0
  108 000000D0 9001            STR              r0,[sp,#4]
  109 000000D2 A901            ADD              r1,sp,#4
  110 000000D4 486C            LDR              r0,|L0.648|
  111 000000D6 F7FF FFFE       BL               GPIO_Init
  112 000000DA F44F 603C       MOV              r0,#0xbc0
  113 000000DE 9001            STR              r0,[sp,#4]
  114 000000E0 A901            ADD              r1,sp,#4
  115 000000E2 486A            LDR              r0,|L0.652|
  116 000000E4 F7FF FFFE       BL               GPIO_Init
  117 000000E8 2060            MOVS             r0,#0x60
  118 000000EA 9001            STR              r0,[sp,#4]
  119 000000EC A901            ADD              r1,sp,#4
  120 000000EE 4868            LDR              r0,|L0.656|
  121 000000F0 F7FF FFFE       BL               GPIO_Init
  122 000000F4 220D            MOVS             r2,#0xd
  123 000000F6 2104            MOVS             r1,#4
  124 000000F8 4862            LDR              r0,|L0.644|
  125 000000FA F7FF FFFE       BL               GPIO_PinAFConfig
  126 000000FE 220D            MOVS             r2,#0xd
  127 00000100 2106            MOVS             r1,#6
  128 00000102 4860            LDR              r0,|L0.644|
  129 00000104 F7FF FFFE       BL               GPIO_PinAFConfig
  130 00000108 220D            MOVS             r2,#0xd
  131 0000010A 2107            MOVS             r1,#7
  132 0000010C 485E            LDR              r0,|L0.648|
  133 0000010E F7FF FFFE       BL               GPIO_PinAFConfig
  134 00000112 220D            MOVS             r2,#0xd
  135 00000114 2106            MOVS             r1,#6
  136 00000116 485D            LDR              r0,|L0.652|
  137 00000118 F7FF FFFE       BL               GPIO_PinAFConfig
  138 0000011C 220D            MOVS             r2,#0xd
  139 0000011E 2107            MOVS             r1,#7
  140 00000120 485A            LDR              r0,|L0.652|
  141 00000122 F7FF FFFE       BL               GPIO_PinAFConfig
  142 00000126 220D            MOVS             r2,#0xd
  143 00000128 2108            MOVS             r1,#8
  144 0000012A 4858            LDR              r0,|L0.652|
  145 0000012C F7FF FFFE       BL               GPIO_PinAFConfig
  146 00000130 220D            MOVS             r2,#0xd
  147 00000132 2109            MOVS             r1,#9
  148 00000134 4855            LDR              r0,|L0.652|
  149 00000136 F7FF FFFE       BL               GPIO_PinAFConfig
  150 0000013A 220D            MOVS             r2,#0xd
  151 0000013C 210B            MOVS             r1,#0xb
  152 0000013E 4853            LDR              r0,|L0.652|
  153 00000140 F7FF FFFE       BL               GPIO_PinAFConfig
  154 00000144 220D            MOVS             r2,#0xd
  155 00000146 2106            MOVS             r1,#6
  156 00000148 484F            LDR              r0,|L0.648|
  157 0000014A F7FF FFFE       BL               GPIO_PinAFConfig
  158 0000014E 220D            MOVS             r2,#0xd
  159 00000150 2105            MOVS             r1,#5
  160 00000152 484F            LDR              r0,|L0.656|



ARM Macro Assembler    Page 4 


  161 00000154 F7FF FFFE       BL               GPIO_PinAFConfig
  162 00000158 220D            MOVS             r2,#0xd
  163 0000015A 2106            MOVS             r1,#6
  164 0000015C 484C            LDR              r0,|L0.656|
  165 0000015E F7FF FFFE       BL               GPIO_PinAFConfig
  166 00000162 F7FF FFFE       BL               DCMI_DeInit
  167 00000166 2000            MOVS             r0,#0
  168 00000168 494A            LDR              r1,|L0.660|
  169 0000016A 8008            STRH             r0,[r1,#0]
  170 0000016C 8148            STRH             r0,[r1,#0xa]
  171 0000016E 8188            STRH             r0,[r1,#0xc]
  172 00000170 8108            STRH             r0,[r1,#8]
  173 00000172 2020            MOVS             r0,#0x20
  174 00000174 8088            STRH             r0,[r1,#4]
  175 00000176 2000            MOVS             r0,#0
  176 00000178 8048            STRH             r0,[r1,#2]
  177 0000017A 80C8            STRH             r0,[r1,#6]
  178 0000017C 4608            MOV              r0,r1
  179 0000017E F7FF FFFE       BL               DCMI_Init
  180 00000182 2101            MOVS             r1,#1
  181 00000184 4608            MOV              r0,r1
  182 00000186 F7FF FFFE       BL               DCMI_ITConfig
  183 0000018A 2001            MOVS             r0,#1
  184 0000018C F7FF FFFE       BL               DCMI_Cmd
  185 00000190 204E            MOVS             r0,#0x4e
  186 00000192 F88D 0000       STRB             r0,[sp,#0]
  187 00000196 2001            MOVS             r0,#1
  188 00000198 F88D 0001       STRB             r0,[sp,#1]
  189 0000019C 2002            MOVS             r0,#2
  190 0000019E F88D 0002       STRB             r0,[sp,#2]
  191 000001A2 2001            MOVS             r0,#1
  192 000001A4 F88D 0003       STRB             r0,[sp,#3]
  193 000001A8 4668            MOV              r0,sp
  194 000001AA F7FF FFFE       BL               NVIC_Init
  195 000001AE BD0E            POP              {r1-r3,pc}
  196 000001B0                 ENDP
  197 000001B0         
  198 000001B0         DCMI_Start
                               PROC
  199 000001B0 B510            PUSH             {r4,lr}
  200 000001B2 2100            MOVS             r1,#0
  201 000001B4 4608            MOV              r0,r1
  202 000001B6 F7FF FFFE       BL               LCD_SetCursor
  203 000001BA F7FF FFFE       BL               LCD_WriteRAM_Prepare
  204 000001BE 2101            MOVS             r1,#1
  205 000001C0 482E            LDR              r0,|L0.636|
  206 000001C2 F7FF FFFE       BL               DMA_Cmd
  207 000001C6 2001            MOVS             r0,#1
  208 000001C8 F7FF FFFE       BL               DCMI_CaptureCmd
  209 000001CC BD10            POP              {r4,pc}
  210 000001CE                 ENDP
  211 000001CE         
  212 000001CE         DCMI_Stop
                               PROC
  213 000001CE B510            PUSH             {r4,lr}
  214 000001D0 2000            MOVS             r0,#0
  215 000001D2 F7FF FFFE       BL               DCMI_CaptureCmd
  216 000001D6 BF00            NOP
  217 000001D8         |L0.472|



ARM Macro Assembler    Page 5 


  218 000001D8 4829            LDR              r0,|L0.640|
  219 000001DA 3828            SUBS             r0,r0,#0x28
  220 000001DC 6800            LDR              r0,[r0,#0]
  221 000001DE F000 0001       AND              r0,r0,#1
  222 000001E2 2800            CMP              r0,#0
  223 000001E4 D1F8            BNE              |L0.472|
  224 000001E6 2100            MOVS             r1,#0
  225 000001E8 4824            LDR              r0,|L0.636|
  226 000001EA F7FF FFFE       BL               DMA_Cmd
  227 000001EE BD10            POP              {r4,pc}
  228 000001F0                 ENDP
  229 000001F0         
  230 000001F0         DCMI_Set_Window
                               PROC
  231 000001F0 E92D 41F0       PUSH             {r4-r8,lr}
  232 000001F4 4606            MOV              r6,r0
  233 000001F6 460F            MOV              r7,r1
  234 000001F8 4614            MOV              r4,r2
  235 000001FA 461D            MOV              r5,r3
  236 000001FC F7FF FFFE       BL               DCMI_Stop
  237 00000200 F64F 70FF       MOV              r0,#0xffff
  238 00000204 F7FF FFFE       BL               LCD_Clear
  239 00000208 462B            MOV              r3,r5
  240 0000020A 4622            MOV              r2,r4
  241 0000020C 4639            MOV              r1,r7
  242 0000020E 4630            MOV              r0,r6
  243 00000210 F7FF FFFE       BL               LCD_Set_Window
  244 00000214 4629            MOV              r1,r5
  245 00000216 4620            MOV              r0,r4
  246 00000218 F7FF FFFE       BL               OV2640_OutSize_Set
  247 0000021C 2100            MOVS             r1,#0
  248 0000021E 4608            MOV              r0,r1
  249 00000220 F7FF FFFE       BL               LCD_SetCursor
  250 00000224 F7FF FFFE       BL               LCD_WriteRAM_Prepare
  251 00000228 2101            MOVS             r1,#1
  252 0000022A 4814            LDR              r0,|L0.636|
  253 0000022C F7FF FFFE       BL               DMA_Cmd
  254 00000230 2001            MOVS             r0,#1
  255 00000232 F7FF FFFE       BL               DCMI_CaptureCmd
  256 00000236 E8BD 81F0       POP              {r4-r8,pc}
  257 0000023A                 ENDP
  258 0000023A         
  259 0000023A         DCMI_CR_Set
                               PROC
  260 0000023A B570            PUSH             {r4-r6,lr}
  261 0000023C 4604            MOV              r4,r0
  262 0000023E 460E            MOV              r6,r1
  263 00000240 4615            MOV              r5,r2
  264 00000242 F7FF FFFE       BL               DCMI_DeInit
  265 00000246 2000            MOVS             r0,#0
  266 00000248 4912            LDR              r1,|L0.660|
  267 0000024A 8008            STRH             r0,[r1,#0]
  268 0000024C 8148            STRH             r0,[r1,#0xa]
  269 0000024E 8188            STRH             r0,[r1,#0xc]
  270 00000250 01B0            LSLS             r0,r6,#6
  271 00000252 8108            STRH             r0,[r1,#8]
  272 00000254 0160            LSLS             r0,r4,#5
  273 00000256 8088            STRH             r0,[r1,#4]
  274 00000258 2000            MOVS             r0,#0



ARM Macro Assembler    Page 6 


  275 0000025A 8048            STRH             r0,[r1,#2]
  276 0000025C 01E8            LSLS             r0,r5,#7
  277 0000025E 80C8            STRH             r0,[r1,#6]
  278 00000260 4608            MOV              r0,r1
  279 00000262 F7FF FFFE       BL               DCMI_Init
  280 00000266 2001            MOVS             r0,#1
  281 00000268 F7FF FFFE       BL               DCMI_CaptureCmd
  282 0000026C 2001            MOVS             r0,#1
  283 0000026E F7FF FFFE       BL               DCMI_Cmd
  284 00000272 BD70            POP              {r4-r6,pc}
  285 00000274                 ENDP
  286 00000274         
  287 00000274         |L0.628|
  288 00000274 424282A8        DCD              0x424282a8
  289 00000278         |L0.632|
  290 00000278 00000000        DCD              ov_frame
  291 0000027C         |L0.636|
  292 0000027C 40026428        DCD              0x40026428
  293 00000280         |L0.640|
  294 00000280 50050028        DCD              0x50050028
  295 00000284         |L0.644|
  296 00000284 40020000        DCD              0x40020000
  297 00000288         |L0.648|
  298 00000288 40020400        DCD              0x40020400
  299 0000028C         |L0.652|
  300 0000028C 40020800        DCD              0x40020800
  301 00000290         |L0.656|
  302 00000290 40021000        DCD              0x40021000
  303 00000294         |L0.660|
  304 00000294 00000000        DCD              DCMI_InitStructure
  305 00000298         
  306 00000298                 AREA             ||.arm_vfe_header||, DATA, READ
ONLY, NOALLOC, ALIGN=2
  307 00000000         
  308 00000000 00000000        DCD              0x00000000
  309 00000004         
  310 00000004                 AREA             ||.bss||, DATA, NOINIT, ALIGN=1
  311 00000000         
  312 00000000         DCMI_InitStructure
  313 00000000                 %                14
  314 0000000E         
  315 0000000E                 AREA             ||.data||, DATA, ALIGN=0
  316 00000000         
  317 00000000         ov_frame
  318 00000000 00              DCB              0x00
  319 00000001         
  320 00000001         ;*** Start embedded assembler ***
  321 00000001         
  322 00000001         #line   1                "..\\HARDWARE\\DCMI\\dcmi.c"
    1 00000001                 AREA             ||.rev16_text||, CODE
    2 00000000                 THUMB
    3 00000000                 EXPORT           |__asm___6_dcmi_c_ov_frame____R
EV16|
    4 00000000         #line   129              "..\\CORE\\core_cmInstr.h"
  129 00000000         |__asm___6_dcmi_c_ov_frame____REV16|
                               PROC
  130 00000000         #line   130
  130 00000000         
  131 00000000 BA40            rev16            r0, r0



ARM Macro Assembler    Page 7 


  132 00000002 4770            bx               lr
  133 00000004                 ENDP
  134 00000004                 AREA             ||.revsh_text||, CODE
  135 00000000                 THUMB
  136 00000000                 EXPORT           |__asm___6_dcmi_c_ov_frame____R
EVSH|
  137 00000000         #line   144
  144 00000000         |__asm___6_dcmi_c_ov_frame____REVSH|
                               PROC
  145 00000000         #line   145
  145 00000000         
  146 00000000 BAC0            revsh            r0, r0
  147 00000002 4770            bx               lr
  148 00000004                 ENDP
  149 00000004         
  150 00000004         ;*** End   embedded assembler ***
  151 00000004         
  152 00000004                 EXPORT           DCMI_IRQHandler [CODE]
  153 00000004                 EXPORT           DCMI_DMA_Init [CODE]
  154 00000004                 EXPORT           My_DCMI_Init [CODE]
  155 00000004                 EXPORT           DCMI_Start [CODE]
  156 00000004                 EXPORT           DCMI_Stop [CODE]
  157 00000004                 EXPORT           DCMI_Set_Window [CODE]
  158 00000004                 EXPORT           DCMI_CR_Set [CODE]
  159 00000004                 EXPORT           DCMI_InitStructure [DATA,SIZE=1
4]
  160 00000004                 EXPORT           ov_frame [DATA,SIZE=1]
  161 00000004         
  162 00000004                 IMPORT           ||Lib$$Request$$armlib|| [CODE,
WEAK]
  163 00000004                 IMPORT           DCMI_GetITStatus [CODE]
  164 00000004                 IMPORT           jpeg_data_process [CODE]
  165 00000004                 IMPORT           DCMI_ClearITPendingBit [CODE]
  166 00000004                 IMPORT           RCC_AHB1PeriphClockCmd [CODE]
  167 00000004                 IMPORT           DMA_DeInit [CODE]
  168 00000004                 IMPORT           DMA_GetCmdStatus [CODE]
  169 00000004                 IMPORT           DMA_Init [CODE]
  170 00000004                 IMPORT           RCC_AHB2PeriphClockCmd [CODE]
  171 00000004                 IMPORT           GPIO_Init [CODE]
  172 00000004                 IMPORT           GPIO_PinAFConfig [CODE]
  173 00000004                 IMPORT           DCMI_DeInit [CODE]
  174 00000004                 IMPORT           DCMI_Init [CODE]
  175 00000004                 IMPORT           DCMI_ITConfig [CODE]
  176 00000004                 IMPORT           DCMI_Cmd [CODE]
  177 00000004                 IMPORT           NVIC_Init [CODE]
  178 00000004                 IMPORT           LCD_SetCursor [CODE]
  179 00000004                 IMPORT           LCD_WriteRAM_Prepare [CODE]
  180 00000004                 IMPORT           DMA_Cmd [CODE]
  181 00000004                 IMPORT           DCMI_CaptureCmd [CODE]
  182 00000004                 IMPORT           LCD_Clear [CODE]
  183 00000004                 IMPORT           LCD_Set_Window [CODE]
  184 00000004                 IMPORT           OV2640_OutSize_Set [CODE]
  185 00000004         
  186 00000004                 ATTR             FILESCOPE
  187 00000004                 ATTR             SETVALUE Tag_ABI_PCS_wchar_t,2
  188 00000004                 ATTR             SETVALUE Tag_ABI_enum_size,1
  189 00000004                 ATTR             SETVALUE Tag_ABI_optimization_g
oals,6
  190 00000004                 ATTR             SETSTRING Tag_conformance,"2.06



ARM Macro Assembler    Page 8 


"
  191 00000004                 ATTR             SETVALUE AV,18,1
  192 00000004         
  193 00000004                 ASSERT           {ENDIAN} = "little"
  194 00000004                 ASSERT           {INTER} = {TRUE}
  195 00000004                 ASSERT           {ROPI} = {FALSE}
  196 00000004                 ASSERT           {RWPI} = {FALSE}
  197 00000004                 ASSERT           {IEEE_FULL} = {FALSE}
  198 00000004                 ASSERT           {IEEE_PART} = {FALSE}
  199 00000004                 ASSERT           {IEEE_JAVA} = {FALSE}
  200 00000004                 END
Command Line: --debug --xref --diag_suppress=9931 --cpu=Cortex-M4.fp --apcs=int
erwork -o..\obj\dcmi.o -IE:\work\sizhou\Ywt\subcontrol\USER\RTE -IE:\Tool\MDK\A
RM\PACK\Keil\STM32F4xx_DFP\2.11.0\Drivers\CMSIS\Device\ST\STM32F4xx\Include -IE
:\Tool\MDK\ARM\CMSIS\Include -IE:\Tool\MDK\ARM\PACK\Keil\STM32F4xx_DFP\2.11.0\D
evice\Include --predefine="__UVISION_VERSION SETA 514" --predefine="STM32F407xx
 SETA 1" --list=..\obj\dcmi.lst ..\obj\dcmi.s



ARM Macro Assembler    Page 1 Alphabetic symbol ordering
Relocatable symbols

DCMI_CR_Set 0000023A

Symbol: DCMI_CR_Set
   Definitions
      At line 259 in file ..\obj\dcmi.s
   Uses
      At line 158 in file ..\\CORE\\core_cmInstr.h
Comment: DCMI_CR_Set used once
DCMI_DMA_Init 00000032

Symbol: DCMI_DMA_Init
   Definitions
      At line 37 in file ..\obj\dcmi.s
   Uses
      At line 153 in file ..\\CORE\\core_cmInstr.h
Comment: DCMI_DMA_Init used once
DCMI_IRQHandler 00000000

Symbol: DCMI_IRQHandler
   Definitions
      At line 9 in file ..\obj\dcmi.s
   Uses
      At line 152 in file ..\\CORE\\core_cmInstr.h
Comment: DCMI_IRQHandler used once
DCMI_Set_Window 000001F0

Symbol: DCMI_Set_Window
   Definitions
      At line 230 in file ..\obj\dcmi.s
   Uses
      At line 157 in file ..\\CORE\\core_cmInstr.h
Comment: DCMI_Set_Window used once
DCMI_Start 000001B0

Symbol: DCMI_Start
   Definitions
      At line 198 in file ..\obj\dcmi.s
   Uses
      At line 155 in file ..\\CORE\\core_cmInstr.h
Comment: DCMI_Start used once
DCMI_Stop 000001CE

Symbol: DCMI_Stop
   Definitions
      At line 212 in file ..\obj\dcmi.s
   Uses
      At line 236 in file ..\obj\dcmi.s
      At line 156 in file ..\\CORE\\core_cmInstr.h

L0.32 00000020

Symbol: L0.32
   Definitions
      At line 23 in file ..\obj\dcmi.s
   Uses
      At line 20 in file ..\obj\dcmi.s
Comment: L0.32 used once
L0.34 00000022




ARM Macro Assembler    Page 2 Alphabetic symbol ordering
Relocatable symbols

Symbol: L0.34
   Definitions
      At line 25 in file ..\obj\dcmi.s
   Uses
      At line 22 in file ..\obj\dcmi.s
Comment: L0.34 used once
L0.472 000001D8

Symbol: L0.472
   Definitions
      At line 217 in file ..\obj\dcmi.s
   Uses
      At line 223 in file ..\obj\dcmi.s
Comment: L0.472 used once
L0.48 00000030

Symbol: L0.48
   Definitions
      At line 33 in file ..\obj\dcmi.s
   Uses
      At line 14 in file ..\obj\dcmi.s
Comment: L0.48 used once
L0.628 00000274

Symbol: L0.628
   Definitions
      At line 287 in file ..\obj\dcmi.s
   Uses
      At line 18 in file ..\obj\dcmi.s
      At line 26 in file ..\obj\dcmi.s

L0.632 00000278

Symbol: L0.632
   Definitions
      At line 289 in file ..\obj\dcmi.s
   Uses
      At line 28 in file ..\obj\dcmi.s
      At line 31 in file ..\obj\dcmi.s

L0.636 0000027C

Symbol: L0.636
   Definitions
      At line 291 in file ..\obj\dcmi.s
   Uses
      At line 47 in file ..\obj\dcmi.s
      At line 51 in file ..\obj\dcmi.s
      At line 80 in file ..\obj\dcmi.s
      At line 205 in file ..\obj\dcmi.s
      At line 225 in file ..\obj\dcmi.s
      At line 252 in file ..\obj\dcmi.s

L0.640 00000280

Symbol: L0.640
   Definitions
      At line 293 in file ..\obj\dcmi.s
   Uses



ARM Macro Assembler    Page 3 Alphabetic symbol ordering
Relocatable symbols

      At line 57 in file ..\obj\dcmi.s
      At line 218 in file ..\obj\dcmi.s

L0.644 00000284

Symbol: L0.644
   Definitions
      At line 295 in file ..\obj\dcmi.s
   Uses
      At line 105 in file ..\obj\dcmi.s
      At line 124 in file ..\obj\dcmi.s
      At line 128 in file ..\obj\dcmi.s

L0.648 00000288

Symbol: L0.648
   Definitions
      At line 297 in file ..\obj\dcmi.s
   Uses
      At line 110 in file ..\obj\dcmi.s
      At line 132 in file ..\obj\dcmi.s
      At line 156 in file ..\obj\dcmi.s

L0.652 0000028C

Symbol: L0.652
   Definitions
      At line 299 in file ..\obj\dcmi.s
   Uses
      At line 115 in file ..\obj\dcmi.s
      At line 136 in file ..\obj\dcmi.s
      At line 140 in file ..\obj\dcmi.s
      At line 144 in file ..\obj\dcmi.s
      At line 148 in file ..\obj\dcmi.s
      At line 152 in file ..\obj\dcmi.s

L0.656 00000290

Symbol: L0.656
   Definitions
      At line 301 in file ..\obj\dcmi.s
   Uses
      At line 120 in file ..\obj\dcmi.s
      At line 160 in file ..\obj\dcmi.s
      At line 164 in file ..\obj\dcmi.s

L0.660 00000294

Symbol: L0.660
   Definitions
      At line 303 in file ..\obj\dcmi.s
   Uses
      At line 168 in file ..\obj\dcmi.s
      At line 266 in file ..\obj\dcmi.s

L0.78 0000004E

Symbol: L0.78
   Definitions



ARM Macro Assembler    Page 4 Alphabetic symbol ordering
Relocatable symbols

      At line 50 in file ..\obj\dcmi.s
   Uses
      At line 54 in file ..\obj\dcmi.s
Comment: L0.78 used once
My_DCMI_Init 00000098

Symbol: My_DCMI_Init
   Definitions
      At line 86 in file ..\obj\dcmi.s
   Uses
      At line 154 in file ..\\CORE\\core_cmInstr.h
Comment: My_DCMI_Init used once
|.text| 00000000

Symbol: |.text|
   Definitions
      At line 7 in file ..\obj\dcmi.s
   Uses
      None
Comment: |.text| unused
22 symbols



ARM Macro Assembler    Page 1 Alphabetic symbol ordering
Relocatable symbols

|.arm_vfe_header| 00000000

Symbol: |.arm_vfe_header|
   Definitions
      At line 306 in file ..\obj\dcmi.s
   Uses
      None
Comment: |.arm_vfe_header| unused
1 symbol



ARM Macro Assembler    Page 1 Alphabetic symbol ordering
Relocatable symbols

DCMI_InitStructure 00000000

Symbol: DCMI_InitStructure
   Definitions
      At line 312 in file ..\obj\dcmi.s
   Uses
      At line 304 in file ..\obj\dcmi.s
      At line 159 in file ..\\CORE\\core_cmInstr.h

|.bss| 00000000

Symbol: |.bss|
   Definitions
      At line 310 in file ..\obj\dcmi.s
   Uses
      None
Comment: |.bss| unused
2 symbols



ARM Macro Assembler    Page 1 Alphabetic symbol ordering
Relocatable symbols

ov_frame 00000000

Symbol: ov_frame
   Definitions
      At line 317 in file ..\obj\dcmi.s
   Uses
      At line 290 in file ..\obj\dcmi.s
      At line 160 in file ..\\CORE\\core_cmInstr.h

|.data| 00000000

Symbol: |.data|
   Definitions
      At line 315 in file ..\obj\dcmi.s
   Uses
      None
Comment: |.data| unused
2 symbols



ARM Macro Assembler    Page 1 Alphabetic symbol ordering
Relocatable symbols

__asm___6_dcmi_c_ov_frame____REV16 00000000

Symbol: __asm___6_dcmi_c_ov_frame____REV16
   Definitions
      At line 129 in file ..\\CORE\\core_cmInstr.h
   Uses
      At line 3 in file ..\\HARDWARE\\DCMI\\dcmi.c
Comment: __asm___6_dcmi_c_ov_frame____REV16 used once
|.rev16_text| 00000000

Symbol: |.rev16_text|
   Definitions
      At line 1 in file ..\\HARDWARE\\DCMI\\dcmi.c
   Uses
      None
Comment: |.rev16_text| unused
2 symbols



ARM Macro Assembler    Page 1 Alphabetic symbol ordering
Relocatable symbols

__asm___6_dcmi_c_ov_frame____REVSH 00000000

Symbol: __asm___6_dcmi_c_ov_frame____REVSH
   Definitions
      At line 144 in file ..\\CORE\\core_cmInstr.h
   Uses
      At line 136 in file ..\\CORE\\core_cmInstr.h
Comment: __asm___6_dcmi_c_ov_frame____REVSH used once
|.revsh_text| 00000000

Symbol: |.revsh_text|
   Definitions
      At line 134 in file ..\\CORE\\core_cmInstr.h
   Uses
      None
Comment: |.revsh_text| unused
2 symbols



ARM Macro Assembler    Page 1 Alphabetic symbol ordering
External symbols

DCMI_CaptureCmd 00000000

Symbol: DCMI_CaptureCmd
   Definitions
      At line 181 in file ..\\CORE\\core_cmInstr.h
   Uses
      At line 208 in file ..\obj\dcmi.s
      At line 215 in file ..\obj\dcmi.s
      At line 255 in file ..\obj\dcmi.s
      At line 281 in file ..\obj\dcmi.s

DCMI_ClearITPendingBit 00000000

Symbol: DCMI_ClearITPendingBit
   Definitions
      At line 165 in file ..\\CORE\\core_cmInstr.h
   Uses
      At line 17 in file ..\obj\dcmi.s
Comment: DCMI_ClearITPendingBit used once
DCMI_Cmd 00000000

Symbol: DCMI_Cmd
   Definitions
      At line 176 in file ..\\CORE\\core_cmInstr.h
   Uses
      At line 184 in file ..\obj\dcmi.s
      At line 283 in file ..\obj\dcmi.s

DCMI_DeInit 00000000

Symbol: DCMI_DeInit
   Definitions
      At line 173 in file ..\\CORE\\core_cmInstr.h
   Uses
      At line 166 in file ..\obj\dcmi.s
      At line 264 in file ..\obj\dcmi.s

DCMI_GetITStatus 00000000

Symbol: DCMI_GetITStatus
   Definitions
      At line 163 in file ..\\CORE\\core_cmInstr.h
   Uses
      At line 12 in file ..\obj\dcmi.s
Comment: DCMI_GetITStatus used once
DCMI_ITConfig 00000000

Symbol: DCMI_ITConfig
   Definitions
      At line 175 in file ..\\CORE\\core_cmInstr.h
   Uses
      At line 182 in file ..\obj\dcmi.s
Comment: DCMI_ITConfig used once
DCMI_Init 00000000

Symbol: DCMI_Init
   Definitions
      At line 174 in file ..\\CORE\\core_cmInstr.h
   Uses



ARM Macro Assembler    Page 2 Alphabetic symbol ordering
External symbols

      At line 179 in file ..\obj\dcmi.s
      At line 279 in file ..\obj\dcmi.s

DMA_Cmd 00000000

Symbol: DMA_Cmd
   Definitions
      At line 180 in file ..\\CORE\\core_cmInstr.h
   Uses
      At line 206 in file ..\obj\dcmi.s
      At line 226 in file ..\obj\dcmi.s
      At line 253 in file ..\obj\dcmi.s

DMA_DeInit 00000000

Symbol: DMA_DeInit
   Definitions
      At line 167 in file ..\\CORE\\core_cmInstr.h
   Uses
      At line 48 in file ..\obj\dcmi.s
Comment: DMA_DeInit used once
DMA_GetCmdStatus 00000000

Symbol: DMA_GetCmdStatus
   Definitions
      At line 168 in file ..\\CORE\\core_cmInstr.h
   Uses
      At line 52 in file ..\obj\dcmi.s
Comment: DMA_GetCmdStatus used once
DMA_Init 00000000

Symbol: DMA_Init
   Definitions
      At line 169 in file ..\\CORE\\core_cmInstr.h
   Uses
      At line 81 in file ..\obj\dcmi.s
Comment: DMA_Init used once
GPIO_Init 00000000

Symbol: GPIO_Init
   Definitions
      At line 171 in file ..\\CORE\\core_cmInstr.h
   Uses
      At line 106 in file ..\obj\dcmi.s
      At line 111 in file ..\obj\dcmi.s
      At line 116 in file ..\obj\dcmi.s
      At line 121 in file ..\obj\dcmi.s

GPIO_PinAFConfig 00000000

Symbol: GPIO_PinAFConfig
   Definitions
      At line 172 in file ..\\CORE\\core_cmInstr.h
   Uses
      At line 125 in file ..\obj\dcmi.s
      At line 129 in file ..\obj\dcmi.s
      At line 133 in file ..\obj\dcmi.s
      At line 137 in file ..\obj\dcmi.s
      At line 141 in file ..\obj\dcmi.s



ARM Macro Assembler    Page 3 Alphabetic symbol ordering
External symbols

      At line 145 in file ..\obj\dcmi.s
      At line 149 in file ..\obj\dcmi.s
      At line 153 in file ..\obj\dcmi.s
      At line 157 in file ..\obj\dcmi.s
      At line 161 in file ..\obj\dcmi.s
      At line 165 in file ..\obj\dcmi.s

LCD_Clear 00000000

Symbol: LCD_Clear
   Definitions
      At line 182 in file ..\\CORE\\core_cmInstr.h
   Uses
      At line 238 in file ..\obj\dcmi.s
Comment: LCD_Clear used once
LCD_SetCursor 00000000

Symbol: LCD_SetCursor
   Definitions
      At line 178 in file ..\\CORE\\core_cmInstr.h
   Uses
      At line 202 in file ..\obj\dcmi.s
      At line 249 in file ..\obj\dcmi.s

LCD_Set_Window 00000000

Symbol: LCD_Set_Window
   Definitions
      At line 183 in file ..\\CORE\\core_cmInstr.h
   Uses
      At line 243 in file ..\obj\dcmi.s
Comment: LCD_Set_Window used once
LCD_WriteRAM_Prepare 00000000

Symbol: LCD_WriteRAM_Prepare
   Definitions
      At line 179 in file ..\\CORE\\core_cmInstr.h
   Uses
      At line 203 in file ..\obj\dcmi.s
      At line 250 in file ..\obj\dcmi.s

NVIC_Init 00000000

Symbol: NVIC_Init
   Definitions
      At line 177 in file ..\\CORE\\core_cmInstr.h
   Uses
      At line 194 in file ..\obj\dcmi.s
Comment: NVIC_Init used once
OV2640_OutSize_Set 00000000

Symbol: OV2640_OutSize_Set
   Definitions
      At line 184 in file ..\\CORE\\core_cmInstr.h
   Uses
      At line 246 in file ..\obj\dcmi.s
Comment: OV2640_OutSize_Set used once
RCC_AHB1PeriphClockCmd 00000000




ARM Macro Assembler    Page 4 Alphabetic symbol ordering
External symbols

Symbol: RCC_AHB1PeriphClockCmd
   Definitions
      At line 166 in file ..\\CORE\\core_cmInstr.h
   Uses
      At line 46 in file ..\obj\dcmi.s
      At line 90 in file ..\obj\dcmi.s

RCC_AHB2PeriphClockCmd 00000000

Symbol: RCC_AHB2PeriphClockCmd
   Definitions
      At line 170 in file ..\\CORE\\core_cmInstr.h
   Uses
      At line 93 in file ..\obj\dcmi.s
Comment: RCC_AHB2PeriphClockCmd used once
jpeg_data_process 00000000

Symbol: jpeg_data_process
   Definitions
      At line 164 in file ..\\CORE\\core_cmInstr.h
   Uses
      At line 15 in file ..\obj\dcmi.s
Comment: jpeg_data_process used once
|Lib$$Request$$armlib| 00000000

Symbol: |Lib$$Request$$armlib|
   Definitions
      At line 162 in file ..\\CORE\\core_cmInstr.h
   Uses
      None
Comment: |Lib$$Request$$armlib| unused
23 symbols
387 symbols in table
